mpy rt, ra, rb	01111000100
mpyu rt, ra, rb	01111001100
mpyh rt, ra, rb	01111000101
fa rt, ra, rb	01011000100
fs rt, ra, rb	01011000101
fm rt, ra, rb	01011000110
fceq rt, ra, rb	01111000010
fcgt rt, ra, rb	01011000010
shlh rt, ra, rb	00001011111
shl rt, ra, rb	00001011011
roth rt, ra, rb	00001011100
rot rt, ra, rb	00001011000
rothm rt, ra, rb	00001011101
rotm rt, ra, rb	00001011001
rotmah rt, ra, rb	00001011110
rotma rt, ra, rb	00001011010
cntb rt, ra	01010110100
avgb rt, ra, rb	00011010011
absdb rt, ra, rb	00001010011
sumb rt, ra, rb	01001010011
ah rt, ra, rb	00011001000
a rt, ra, rb	00011000000
sfh rt, ra, rb	00001001000
sf rt, ra, rb	00001000000
and rt, ra, rb	00011000001
or rt, ra, rb	00001000001
xor rt, ra, rb	01001000001
nand rt, ra, rb	00011001001
ceqb rt, ra, rb	01111010000
ceqh rt, ra, rb	01111001000
ceq rt, ra, rb	01111000000
cgtb rt, ra, rb	01001010000
cgth rt, ra, rb	01001001000
cgt rt, ra, rb	01001000000
clgtb rt, ra, rb	01011010000
clgth rt, ra, rb	01011001000
clgt rt, ra, rb	01011000000
nop	01000000001
mpya rt, ra, rb, rc	1100
fma rt, ra, rb, rc	1110
fms rt, ra, rb, rc	1111
shli rt, ra, imm7	00001111011
rothi rt, ra, imm7	00001111100
roti rt, ra, imm7	00001111000
rotmahi rt, ra, imm7	00001111110
rotmai rt, ra, imm7	00001111010
cflts rt, ra, imm8	0111011000
cfltu rt, ra, imm8	0111011001
mpyi rt, ra, imm10	01110100
mpyui rt, ra, imm10	01110101
ahi rt, ra, imm10	00011101
ai rt, ra, imm10	00011100
sfhi rt, ra, imm10	00001101
sfi rt, ra, imm10	00001100
andbi rt, ra, imm10	00010110
andhi rt, ra, imm10	00010101
andi rt, ra, imm10	00010100
orbi rt, ra, imm10	00000110
orhi rt, ra, imm10	00000101
ori rt, ra, imm10	00000100
xorbi rt, ra, imm10	01000110
xorhi rt, ra, imm10	01000101
xori rt, ra, imm10	01000100
ceqbi rt, ra, imm10	01111110
ceqhi rt, ra, imm10	01111101
ceqi rt, ra, imm10	01111100
cgtbi rt, ra, imm10	01001110
cgthi rt, ra, imm10	01001101
cgti rt, ra, imm10	01001100
clgtbi rt, ra, imm10	01011110
clgthi rt, ra, imm10	01011101
clgti rt, ra, imm10	01011100
ilh rt, imm16	010000011
ilhu rt, imm16	010000010
il rt, imm16	010000001
iohl rt, imm16	011000001
ila rt, imm18	0100001
shlqbi rt, ra, rb	00111011011
shlqby rt, ra, rb	00111011111
rotqbi rt, ra, rb	00111011000
rotqby rt, ra, rb	00111011100
gbb rt, ra	00110110010
gbh rt, ra	00110110001
gb rt, ra	00110110000
lqx rt, ra, rb	00111000100
stqx rt, ra, rb	00101000100
bi ra	00110101000
lnop	00000000001
shlqbii rt, ra, imm7	00111111011
shlqbyi rt, ra, imm7	00111111111
rotqbii rt, ra, imm7	00111111000
rotqbyi rt, ra, imm7	00111111100
lqd rt, imm10(ra)	00110100
stqd rt, imm10(ra)	00100100
lqa rt, imm16	001100001
stqa rt, imm16	001000001
br imm16	001100100
bra imm16	001100000
brsl rt, imm16	001100110
brnz rt, imm16	001000010
brz rt, imm16	001000000
stop	00000000000